C51 COMPILER V9.00   MAIN                                                                  10/20/2023 20:48:30 PAGE 1   


C51 COMPILER V9.00, COMPILATION OF MODULE MAIN
OBJECT MODULE PLACED IN main.OBJ
COMPILER INVOKED BY: F:\C51\BIN\C51.EXE main.c BROWSE DEBUG OBJECTEXTEND

line level    source

   1          #include <REGX52.H>
   2          #include <intrins.h>  
   3            void delay(unsigned int xms )         //@12.000MHz
   4          {
   5   1              unsigned char i, j;
   6   1              while(xms--)
   7   1              i = 2;
   8   1              j = 239;
   9   1              do
  10   1              {
  11   2                      while (--j);
  12   2              } while (--i);
  13   1      } 
  14          
  15           void main ()
  16           { unsigned char a=0;
  17   1              while(1)
  18   1              {
  19   2              if(P3_1==0)
  20   2                      {
  21   3                              delay(50);
  22   3                              while(P3_1==1);
  23   3                              delay(50);
  24   3                              a++;
  25   3                              P2=~a;
  26   3                      }       
  27   2              }
  28   1      }


MODULE INFORMATION:   STATIC OVERLAYABLE
   CODE SIZE        =     50    ----
   CONSTANT SIZE    =   ----    ----
   XDATA SIZE       =   ----    ----
   PDATA SIZE       =   ----    ----
   DATA SIZE        =   ----    ----
   IDATA SIZE       =   ----    ----
   BIT SIZE         =   ----    ----
END OF MODULE INFORMATION.


C51 COMPILATION COMPLETE.  0 WARNING(S),  0 ERROR(S)
