C51 COMPILER V9.00   KEY                                                                   11/14/2023 19:48:09 PAGE 1   


C51 COMPILER V9.00, COMPILATION OF MODULE KEY
OBJECT MODULE PLACED IN key.OBJ
COMPILER INVOKED BY: F:\C51\BIN\C51.EXE key.c BROWSE DEBUG OBJECTEXTEND

line level    source

   1          #include <REGX52.H>
   2          #include<intrins.h>
   3          void delay(unsigned int xms )           //@12.000MHz
   4          {
   5   1              unsigned char i, j;
   6   1              while(xms--)
   7   1              i = 2;
   8   1              j = 239;
   9   1              do
  10   1              {
  11   2                      while (--j);
  12   2              } 
  13   1              while (--i);
  14   1      } 
  15          unsigned char key ()
  16                  {
  17   1                      unsigned char keynumber=0;
  18   1                              if(P3_1==0)
  19   1                      {
  20   2                              delay(20);while(P3_1==0);delay(20);keynumber=1;
  21   2                      }
  22   1                              if(P3_0==0)
  23   1                      {
  24   2                              delay(20);while(P3_0==0);delay(20);keynumber=2;
  25   2                      }       if(P3_2==0)
  26   1                      {
  27   2                              delay(20);while(P3_2==0);delay(20);keynumber=3;
  28   2                      }       if(P3_3==0)
  29   1                      {
  30   2                              delay(20);while(P3_3==0);delay(20);keynumber=4;
  31   2                      }
  32   1                      return keynumber;
  33   1              }


MODULE INFORMATION:   STATIC OVERLAYABLE
   CODE SIZE        =     89    ----
   CONSTANT SIZE    =   ----    ----
   XDATA SIZE       =   ----    ----
   PDATA SIZE       =   ----    ----
   DATA SIZE        =   ----    ----
   IDATA SIZE       =   ----    ----
   BIT SIZE         =   ----    ----
END OF MODULE INFORMATION.


C51 COMPILATION COMPLETE.  0 WARNING(S),  0 ERROR(S)
