C51 COMPILER V9.00   MAIN                                                                  11/14/2023 19:48:09 PAGE 1   


C51 COMPILER V9.00, COMPILATION OF MODULE MAIN
OBJECT MODULE PLACED IN main.OBJ
COMPILER INVOKED BY: F:\C51\BIN\C51.EXE main.c BROWSE DEBUG OBJECTEXTEND

line level    source

   1          #include <REGX52.H>
   2          #include <INTRINS.H>
   3          #include"timer.h"
   4          #include"key.h"
   5          
   6          //void Delay1000ms()            //@11.0592MHz
   7          //{
   8          //      unsigned char i, j, k;
   9          //
  10          //      _nop_();
  11          //      _nop_();
  12          //      i = 8;
  13          //      j = 1;
  14          //      k = 243;
  15          //      do
  16          //      {
  17          //              do
  18          //              {
  19          //                      while (--k);
  20          //              } while (--j);
  21          //      } while (--i);
  22          //}
  23          
  24          // void Timer0Init(void)                //1毫秒@11.0592MHz
  25          //{
  26          //
  27          //      TMOD &= 0xF0;           //设置定时器模式
  28          //      TL0 = 0x66;             //设置定时初值
  29          //      TH0 = 0xFC;             //设置定时初值
  30          //      TF0 = 0;                //清除TF0标志
  31          //      TR0 = 1;                //定时器0开始计时
  32          //}
  33          
  34          unsigned char keynumber,LEDMOD ;
  35          void main()
  36          {       P2=0xfe;
  37   1              Timer0Init();
  38   1              while(1)
  39   1              {
  40   2                      keynumber=key();
  41   2                      if(keynumber)
  42   2                      {
  43   3                              if(keynumber==1)
  44   3                              {
  45   4                                      LEDMOD++;
  46   4                                      if(LEDMOD>=2)LEDMOD=0;
  47   4                                      
  48   4      
  49   4      
  50   4                              }
  51   3                              
  52   3                      }                                       
  53   2              }
  54   1      }
  55          
C51 COMPILER V9.00   MAIN                                                                  11/14/2023 19:48:09 PAGE 2   

  56          void Timer0_Routine() interrupt  1       
  57          {
  58   1      
  59   1              static unsigned  int count;
  60   1              TL0 = 0x66;             //设置定时初值
  61   1              TH0 = 0xFC;             //设置定时初值
  62   1              count++;
  63   1      
  64   1              if(count>=500)
  65   1              {
  66   2                      count=0;
  67   2                      if(LEDMOD==0)P2=_crol_(P2,1);
  68   2                      if(LEDMOD==1)P2=_cror_(P2,1);
  69   2              }
  70   1              
  71   1      
  72   1      }


MODULE INFORMATION:   STATIC OVERLAYABLE
   CODE SIZE        =    116    ----
   CONSTANT SIZE    =   ----    ----
   XDATA SIZE       =   ----    ----
   PDATA SIZE       =   ----    ----
   DATA SIZE        =      4    ----
   IDATA SIZE       =   ----    ----
   BIT SIZE         =   ----    ----
END OF MODULE INFORMATION.


C51 COMPILATION COMPLETE.  0 WARNING(S),  0 ERROR(S)
