C51 COMPILER V9.54   MAIN2                                                                 03/03/2024 21:14:35 PAGE 1   


C51 COMPILER V9.54, COMPILATION OF MODULE MAIN2
OBJECT MODULE PLACED IN main2.OBJ
COMPILER INVOKED BY: C:\Keil_v5\C51\BIN\C51.EXE main2 OPTIMIZE(8,SPEED) BROWSE DEBUG OBJECTEXTEND TABS(6)

line level    source

   1          #include <REGX52.H>
   2          #include "LCD1602.h"
*** WARNING C318 IN LINE 2 OF main2: can't open file 'LCD1602.h'
   3          
   4          void Timer0Init(void)         //1000??@11.0592MHz
   5          {
   6   1      
   7   1            TMOD &= 0xF0;           //???????
   8   1            TL0 = 0xCD;       //??????
   9   1            TH0 = 0xD4;       //??????
  10   1            TF0 = 0;          //??TF0??
  11   1            TR0 = 1;
  12   1           TF0=1;
  13   1           ET0=1;
  14   1           EA=1;
  15   1           PT0=0;//???0????
  16   1      }
  17          
  18          void main ()
  19          {
  20   1           LCD_Init();
*** WARNING C206 IN LINE 20 OF main2: 'LCD_Init': missing function-prototype
  21   1            Timer0Init();
  22   1            
  23   1            LCD_ShowString(1,1,"Clock:"); //??????????????
*** WARNING C206 IN LINE 23 OF main2: 'LCD_ShowString': missing function-prototype
*** ERROR C267 IN LINE 23 OF main2: 'LCD_ShowString': requires ANSI-style prototype
  24   1            LCD_ShowString(2,1,"  :  :");
  25   1      
  26   1           
  27   1           
  28   1           while(1)
  29   1           {
  30   2                
  31   2           }
  32   1      }
  33          

C51 COMPILATION COMPLETE.  3 WARNING(S),  1 ERROR(S)
