C51 COMPILER V9.00   TIMER                                                                 11/14/2023 19:48:09 PAGE 1   


C51 COMPILER V9.00, COMPILATION OF MODULE TIMER
OBJECT MODULE PLACED IN timer.OBJ
COMPILER INVOKED BY: F:\C51\BIN\C51.EXE timer.c BROWSE DEBUG OBJECTEXTEND

line level    source

   1          #include <REGX52.H>
   2          void Timer0Init ()
   3          {
   4   1              TMOD=TMOD&0XF0;
   5   1              TMOD=TMOD|0X01;//       TMOD=0X01;
   6   1              TF0=0;
   7   1              TR0=1;
   8   1              TL0 = 0x20;             //设置定时初值
   9   1              TH0 = 0xD1;             //设置定时初值
  10   1              ET0=1;
  11   1              EA=1;
  12   1      }
  13          /*void Timer0_Routine() interrupt        1       定时器中断模板
  14          {
  15          
  16                  static unsigned  int count;
  17                  TL0 = 0x66;             //设置定时初值
  18                  TH0 = 0xFC;             //设置定时初值
  19                  count++;
  20          
  21                  
  22                  if(count>=1000)
  23                  {
  24                  }
  25          
  26          } */


MODULE INFORMATION:   STATIC OVERLAYABLE
   CODE SIZE        =     21    ----
   CONSTANT SIZE    =   ----    ----
   XDATA SIZE       =   ----    ----
   PDATA SIZE       =   ----    ----
   DATA SIZE        =   ----    ----
   IDATA SIZE       =   ----    ----
   BIT SIZE         =   ----    ----
END OF MODULE INFORMATION.


C51 COMPILATION COMPLETE.  0 WARNING(S),  0 ERROR(S)
