C51 COMPILER V9.00   MKEY                                                                  10/25/2023 15:50:05 PAGE 1   


C51 COMPILER V9.00, COMPILATION OF MODULE MKEY
OBJECT MODULE PLACED IN mkey.OBJ
COMPILER INVOKED BY: F:\C51\BIN\C51.EXE mkey.c BROWSE DEBUG OBJECTEXTEND

line level    source

   1          #include <REGX52.H>
   2          #include "time.h"
   3          
   4          unsigned char mkey()
   5          {
   6   1              unsigned char keynumber=0;
   7   1              P1=0XFF;
   8   1              P1_3=0;
   9   1              if(P1_7==0){delay(20);while(P1_7==0);delay(20);keynumber=1;}
  10   1              if(P1_6==0){delay(20);while(P1_6==0);delay(20);keynumber=5;}
  11   1              if(P1_5==0){delay(20);while(P1_5==0);delay(20);keynumber=9;}
  12   1              if(P1_4==0){delay(20);while(P1_4==0);delay(20);keynumber=13;}
  13   1                                              
  14   1              P1=0XFF;
  15   1              P1_2=0;
  16   1              if(P1_7==0){delay(20);while(P1_7==0);delay(20);keynumber=2;}
  17   1              if(P1_6==0){delay(20);while(P1_6==0);delay(20);keynumber=6;}
  18   1              if(P1_5==0){delay(20);while(P1_5==0);delay(20);keynumber=10;}
  19   1              if(P1_4==0){delay(20);while(P1_4==0);delay(20);keynumber=14;}
  20   1              
  21   1              P1=0XFF;
  22   1              P1_1=0;
  23   1              if(P1_7==0){delay(20);while(P1_7==0);delay(20);keynumber=3;}
  24   1              if(P1_6==0){delay(20);while(P1_6==0);delay(20);keynumber=7;}
  25   1              if(P1_5==0){delay(20);while(P1_5==0);delay(20);keynumber=11;}
  26   1              if(P1_4==0){delay(20);while(P1_4==0);delay(20);keynumber=15;}
  27   1                                              
  28   1              P1=0XFF;
  29   1              P1_0=0;
  30   1              if(P1_7==0)     {delay(20);while(P1_7==0);delay(20);keynumber=4;}
  31   1              if(P1_6==0)     {delay(20);while(P1_6==0);delay(20);keynumber=8;}
  32   1              if(P1_5==0)     {delay(20);while(P1_5==0);delay(20);keynumber=12;}
  33   1              if(P1_4==0)     {delay(20);while(P1_4==0);delay(20);keynumber=16;}
  34   1                                              
  35   1      
  36   1              return keynumber;
  37   1      
  38   1      }


MODULE INFORMATION:   STATIC OVERLAYABLE
   CODE SIZE        =    393    ----
   CONSTANT SIZE    =   ----    ----
   XDATA SIZE       =   ----    ----
   PDATA SIZE       =   ----    ----
   DATA SIZE        =   ----       1
   IDATA SIZE       =   ----    ----
   BIT SIZE         =   ----    ----
END OF MODULE INFORMATION.


C51 COMPILATION COMPLETE.  0 WARNING(S),  0 ERROR(S)
