C51 COMPILER V9.54   DELAY                                                                 01/07/2024 21:13:13 PAGE 1   


C51 COMPILER V9.54, COMPILATION OF MODULE DELAY
OBJECT MODULE PLACED IN ..\..\delay.obj
COMPILER INVOKED BY: C:\Keil_v5\C51\BIN\C51.EXE delay.c OPTIMIZE(8,SPEED) BROWSE DEBUG OBJECTEXTEND TABS(6) OBJECT(..\..
                    -\delay.obj)

line level    source

   1          #include <REGX52.H>
   2          
   3          void delay(unsigned int xms)        //@12.000MHz
   4          {
   5   1            unsigned char i, j;
   6   1            while (xms--)
   7   1            {
   8   2             i = 2;
   9   2            j = 239;
  10   2            do
  11   2            {
  12   3                  while (--j);
  13   3            } while (--i);
  14   2            }
  15   1            
  16   1      }


MODULE INFORMATION:   STATIC OVERLAYABLE
   CODE SIZE        =     21    ----
   CONSTANT SIZE    =   ----    ----
   XDATA SIZE       =   ----    ----
   PDATA SIZE       =   ----    ----
   DATA SIZE        =   ----    ----
   IDATA SIZE       =   ----    ----
   BIT SIZE         =   ----    ----
END OF MODULE INFORMATION.


C51 COMPILATION COMPLETE.  0 WARNING(S),  0 ERROR(S)
