C51 COMPILER V9.54   MAIN                                                                  01/07/2024 21:13:13 PAGE 1   


C51 COMPILER V9.54, COMPILATION OF MODULE MAIN
OBJECT MODULE PLACED IN ..\..\main.obj
COMPILER INVOKED BY: C:\Keil_v5\C51\BIN\C51.EXE main.c OPTIMIZE(8,SPEED) BROWSE DEBUG OBJECTEXTEND TABS(6) OBJECT(..\..\
                    -main.obj)

line level    source

   1          #include <REGX52.H>
   2          #include "delay.h"
   3          #include "number.h"
   4          void main()
   5          {
   6   1            
   7   1            while(1)
   8   1                  {
   9   2                  Nixie(1,7);
  10   2                  delay(1000);
  11   2                        if(P2_0==0x3f)
  12   2                              {
  13   3                              
  14   3                                    while(1)
  15   3                                          {
  16   4                                            Nixie(1,7);
  17   4                              delay(2);
  18   4                                          }
  19   3                                          
  20   3                              }
  21   2                        Nixie(2,3);
  22   2                        delay(1000);
  23   2      
  24   2                  Nixie(3,5);
  25   2                  delay(1000);
  26   2                        Nixie(4,5);
  27   2                        delay(1000);
  28   2                  Nixie(5,6);
  29   2                  delay(1000);
  30   2                        Nixie(6,0);
  31   2                        delay(1000);
  32   2                  Nixie(7,8);
  33   2                  delay(1000);            
  34   2                  
  35   2                  }
  36   1      }


MODULE INFORMATION:   STATIC OVERLAYABLE
   CODE SIZE        =    135    ----
   CONSTANT SIZE    =   ----    ----
   XDATA SIZE       =   ----    ----
   PDATA SIZE       =   ----    ----
   DATA SIZE        =   ----    ----
   IDATA SIZE       =   ----    ----
   BIT SIZE         =   ----    ----
END OF MODULE INFORMATION.


C51 COMPILATION COMPLETE.  0 WARNING(S),  0 ERROR(S)
