C51 COMPILER V9.54   MAIN                                                                  03/23/2024 15:18:48 PAGE 1   


C51 COMPILER V9.54, COMPILATION OF MODULE MAIN
OBJECT MODULE PLACED IN .\Objects\main.obj
COMPILER INVOKED BY: C:\Keil_v5\C51\BIN\C51.EXE main.c OPTIMIZE(8,SPEED) BROWSE DEBUG OBJECTEXTEND PRINT(.\Listings\main
                    -.lst) TABS(6) OBJECT(.\Objects\main.obj)

line level    source

   1          #include <REGX52.H>
   2          #include "LCD1602.h"
   3          #include "DS1302.h"
   4          void main()
   5          {
   6   1            LCD_Init();
   7   1            DS1302_Init();
   8   1            LCD_ShowString(1,1,"  -  -  ");
   9   1            LCD_ShowString(2,1,"  :  :  ");     
  10   1            DS1302_SetTime();
  11   1            while(1)
  12   1            {
  13   2                  DS1302_ReadTime();//
  14   2                  LCD_ShowNum(1,1,DS1302_Time[0],2);//
  15   2                  LCD_ShowNum(1,4,DS1302_Time[1],2);//
  16   2                  LCD_ShowNum(1,7,DS1302_Time[2],2);//
  17   2                  LCD_ShowNum(2,1,DS1302_Time[3],2);//
  18   2                  LCD_ShowNum(2,4,DS1302_Time[4],2);//
  19   2                  LCD_ShowNum(2,7,DS1302_Time[5],2);//
  20   2            }
  21   1      }


MODULE INFORMATION:   STATIC OVERLAYABLE
   CODE SIZE        =    130    ----
   CONSTANT SIZE    =     18    ----
   XDATA SIZE       =   ----    ----
   PDATA SIZE       =   ----    ----
   DATA SIZE        =   ----    ----
   IDATA SIZE       =   ----    ----
   BIT SIZE         =   ----    ----
END OF MODULE INFORMATION.


C51 COMPILATION COMPLETE.  0 WARNING(S),  0 ERROR(S)
