C51 COMPILER V9.00   MAIN                                                                  10/23/2023 15:53:17 PAGE 1   


C51 COMPILER V9.00, COMPILATION OF MODULE MAIN
OBJECT MODULE PLACED IN main.OBJ
COMPILER INVOKED BY: F:\C51\BIN\C51.EXE main.c BROWSE DEBUG OBJECTEXTEND

line level    source

   1          #include <REGX52.H>
   2           
   3          /*#include<intrins.h>
   4          void delay(unsigned int xms)            //@12.000MHz
   5          {
   6                  unsigned char i, j;
   7                  while (xms--)
   8                  {
   9                   i = 2;
  10                  j = 239;
  11                  do
  12                  {
  13                          while (--j);
  14                  } while (--i);
  15                  }
  16                  
  17          }
  18          
  19          
  20          int     Nixietable[]={0x3f,0x06,0x5b,0x4f,0x66,0x6d,0x7d,0x07,0x7f,0x67};
  21          
  22          void Nixie(unsigned char Location,Number)
  23          {
  24                  switch(Location)
  25                  {
  26                                  case 1:P2_4=1;P2_3=1;P2_2=1;break;
  27                                  case 2:P2_4=1;P2_3=1;P2_2=0;break;
  28                                  case 3:P2_4=1;P2_3=0;P2_2=1;break;
  29                                  case 4:P2_4=1;P2_3=0;P2_2=0;break;
  30                                  case 5:P2_4=0;P2_3=1;P2_2=1;break;
  31                                  case 6:P2_4=0;P2_3=1;P2_2=0;break;
  32                                  case 7:P2_4=0;P2_3=0;P2_2=1;break;
  33                                  case 8:P2_4=0;P2_3=0;P2_2=0;break;
  34                  }
  35          
  36                           P0=Nixietable[Number]; delay(2); 
  37          
  38           }
  39                  void main()
  40          {
  41                   
  42                          while(1)
  43                           {
  44                          Nixie(1,1);
  45                          //delay(2);
  46                          Nixie(2,7);
  47                           //delay(2);
  48                          Nixie(3,3);
  49                           //delay(2);
  50                          Nixie(4,4);
  51                           //delay(2);
  52                          Nixie(5,5);
  53                          //delay(2);             
  54                           }
  55          }  */
C51 COMPILER V9.00   MAIN                                                                  10/23/2023 15:53:17 PAGE 2   

  56          #include <REGX52.H>
  57          #include "time.h"
  58          #include "number.h"
  59          void main()
  60          {
  61   1              while(1)
  62   1                      {
  63   2                      Nixie(1,1);
  64   2                      delay(2);
  65   2                      Nixie(2,7);
  66   2                       delay(2);
  67   2                      Nixie(3,3);
  68   2                       delay(2);
  69   2                      Nixie(4,4);
  70   2                       delay(2);
  71   2                      Nixie(5,5);
  72   2                      delay(2);         
  73   2                                      }
  74   1      }


MODULE INFORMATION:   STATIC OVERLAYABLE
   CODE SIZE        =     82    ----
   CONSTANT SIZE    =   ----    ----
   XDATA SIZE       =   ----    ----
   PDATA SIZE       =   ----    ----
   DATA SIZE        =   ----    ----
   IDATA SIZE       =   ----    ----
   BIT SIZE         =   ----    ----
END OF MODULE INFORMATION.


C51 COMPILATION COMPLETE.  0 WARNING(S),  0 ERROR(S)
