C51 COMPILER V9.00   NUMBER                                                                10/23/2023 15:53:18 PAGE 1   


C51 COMPILER V9.00, COMPILATION OF MODULE NUMBER
OBJECT MODULE PLACED IN number.OBJ
COMPILER INVOKED BY: F:\C51\BIN\C51.EXE number.c BROWSE DEBUG OBJECTEXTEND

line level    source

   1          #include "time.h"
   2          #include <REGX52.H>
   3            int   Nixietable[]={0x3f,0x06,0x5b,0x4f,0x66,0x6d,0x7d,0x07,0x7f,0x67};
   4          void Nixie(unsigned char Location,Number)
   5          {
   6   1              switch(Location)
   7   1              {
   8   2                              case 1:P2_4=1;P2_3=1;P2_2=1;break;
   9   2                              case 2:P2_4=1;P2_3=1;P2_2=0;break;
  10   2                              case 3:P2_4=1;P2_3=0;P2_2=1;break;
  11   2                              case 4:P2_4=1;P2_3=0;P2_2=0;break;
  12   2                              case 5:P2_4=0;P2_3=1;P2_2=1;break;
  13   2                              case 6:P2_4=0;P2_3=1;P2_2=0;break;
  14   2                              case 7:P2_4=0;P2_3=0;P2_2=1;break;
  15   2                              case 8:P2_4=0;P2_3=0;P2_2=0;break;
  16   2              }
  17   1      
  18   1                       P0=Nixietable[Number]; delay(2); 
  19   1      
  20   1       }


MODULE INFORMATION:   STATIC OVERLAYABLE
   CODE SIZE        =    108    ----
   CONSTANT SIZE    =   ----    ----
   XDATA SIZE       =   ----    ----
   PDATA SIZE       =   ----    ----
   DATA SIZE        =     20    ----
   IDATA SIZE       =   ----    ----
   BIT SIZE         =   ----    ----
END OF MODULE INFORMATION.


C51 COMPILATION COMPLETE.  0 WARNING(S),  0 ERROR(S)
