C51 COMPILER V9.00   MAIN                                                                  10/19/2023 20:33:22 PAGE 1   


C51 COMPILER V9.00, COMPILATION OF MODULE MAIN
OBJECT MODULE PLACED IN main.OBJ
COMPILER INVOKED BY: F:\C51\BIN\C51.EXE main.c BROWSE DEBUG OBJECTEXTEND

line level    source

   1          #include <REGX52.H>
   2          
   3          void main()
   4          {//P2=0xfe;
   5   1      //P2_0=0;
   6   1      /*while (1)
   7   1              { 
   8   1              if(P3_1==0 &&P3_0==0)
   9   1                      { 
  10   1                    P2_0=0;
  11   1                                   }
  12   1          else
  13   1              {
  14   1                    P2_0=1; 
  15   1                                      }
  16   1              }
  17   1      
  18   1      }       */
  19   1       while(1)
  20   1                      {P2=0x00;//1111 1111    
  21   2                    if(P3_1==1) 
  22   2                        {     
  23   3                              P2_0=1;
  24   3                                              }
  25   2                        else
  26   2                        {
  27   3                              P2_0=1;
  28   3                                              }  
  29   2                                              
  30   2                         }
  31   1      }
  32          
  33          
  34          
  35          
  36          
  37                                                   


MODULE INFORMATION:   STATIC OVERLAYABLE
   CODE SIZE        =     14    ----
   CONSTANT SIZE    =   ----    ----
   XDATA SIZE       =   ----    ----
   PDATA SIZE       =   ----    ----
   DATA SIZE        =   ----    ----
   IDATA SIZE       =   ----    ----
   BIT SIZE         =   ----    ----
END OF MODULE INFORMATION.


C51 COMPILATION COMPLETE.  0 WARNING(S),  0 ERROR(S)
