C51 COMPILER V9.54   BUZZER                                                                03/23/2024 17:35:08 PAGE 1   


C51 COMPILER V9.54, COMPILATION OF MODULE BUZZER
OBJECT MODULE PLACED IN .\Objects\buzzer.obj
COMPILER INVOKED BY: C:\Keil_v5\C51\BIN\C51.EXE buzzer.c OPTIMIZE(8,SPEED) BROWSE DEBUG OBJECTEXTEND PRINT(.\Listings\bu
                    -zzer.lst) TABS(6) OBJECT(.\Objects\buzzer.obj)

line level    source

   1          
   2          #include <REGX52.H>
   3          #include "Delay.h"
   4          sbit Buzzer=P1^5;
   5          void Delay500us()       //@11.0592MHz
   6          {
   7   1            unsigned char i, j;
   8   1            i = 6;
   9   1            j = 93;
  10   1            do
  11   1            {
  12   2                  while (--j);
  13   2            } while (--i);
  14   1      }
  15          void Buzzer_Time(unsigned int ms)
  16          {
  17   1            int i=0;
  18   1            for(i=0;i<ms;i++)
  19   1            {
  20   2                  Buzzer=~Buzzer;         
  21   2                  Delay500us();
  22   2            }
  23   1      }
  24          


MODULE INFORMATION:   STATIC OVERLAYABLE
   CODE SIZE        =     36    ----
   CONSTANT SIZE    =   ----    ----
   XDATA SIZE       =   ----    ----
   PDATA SIZE       =   ----    ----
   DATA SIZE        =   ----    ----
   IDATA SIZE       =   ----    ----
   BIT SIZE         =   ----    ----
END OF MODULE INFORMATION.


C51 COMPILATION COMPLETE.  0 WARNING(S),  0 ERROR(S)
