C51 COMPILER V9.54   DELAY                                                                 03/23/2024 17:01:02 PAGE 1   


C51 COMPILER V9.54, COMPILATION OF MODULE DELAY
OBJECT MODULE PLACED IN .\Objects\Delay.obj
COMPILER INVOKED BY: C:\Keil_v5\C51\BIN\C51.EXE ..\5-1 ƒ£øÈªØ±‡≥Ã\Delay.c OPTIMIZE(8,SPEED) BROWSE DEBUG OBJECTEXTEND PR
                    -INT(.\Listings\Delay.lst) TABS(6) OBJECT(.\Objects\Delay.obj)

line level    source

   1          
   2          //Âª∂Êó∂Â≠êÂáΩÊï∞
   3          void Delay(unsigned int xms)
   4          {
   5   1            unsigned char i, j;
   6   1            while(xms--)
   7   1            {
   8   2                  i = 2;
   9   2                  j = 239;
  10   2                  do
  11   2                  {
  12   3                        while (--j);
  13   3                  } while (--i);
  14   2            }
  15   1      }
  16          


MODULE INFORMATION:   STATIC OVERLAYABLE
   CODE SIZE        =     21    ----
   CONSTANT SIZE    =   ----    ----
   XDATA SIZE       =   ----    ----
   PDATA SIZE       =   ----    ----
   DATA SIZE        =   ----    ----
   IDATA SIZE       =   ----    ----
   BIT SIZE         =   ----    ----
END OF MODULE INFORMATION.


C51 COMPILATION COMPLETE.  0 WARNING(S),  0 ERROR(S)
