C51 COMPILER V9.54   MAIN                                                                  03/23/2024 19:00:39 PAGE 1   


C51 COMPILER V9.54, COMPILATION OF MODULE MAIN
OBJECT MODULE PLACED IN .\Objects\main.obj
COMPILER INVOKED BY: C:\Keil_v5\C51\BIN\C51.EXE main.c OPTIMIZE(8,SPEED) BROWSE DEBUG OBJECTEXTEND PRINT(.\Listings\main
                    -.lst) TABS(6) OBJECT(.\Objects\main.obj)

line level    source

   1          #include <REGX52.H>
   2          #include "Delay.h"
   3          #include "Nixie.h"
   4          #include "key.h"
   5          #include "Buzzer.h"
   6          sbit Buzzer=P1^5;
   7          int i=0;
   8          
   9          void main()
  10          {
  11   1            int KeyNum=0;
  12   1            Nixie(1,0);
  13   1            while(1)
  14   1            {
  15   2                  KeyNum=Key();
  16   2                  if(KeyNum==1)
  17   2                  {                             
  18   3                        Buzzer_Time(50);
  19   3                        Delay(200);       
  20   3                        Nixie(1,KeyNum);
  21   3                  }
  22   2                  if(KeyNum==2)
  23   2                  {
  24   3                        Buzzer_Time(50);
  25   3                        Nixie(1,KeyNum);
  26   3                  }
  27   2                  if(KeyNum==3)
  28   2                  {
  29   3                        Buzzer_Time(50);
  30   3                        Nixie(1,KeyNum);
  31   3                  }
  32   2                  if(KeyNum==4)
  33   2                  {
  34   3                        Buzzer_Time(50);
  35   3                        Nixie(1,KeyNum);
  36   3                  }
  37   2                  
  38   2            }
  39   1      }


MODULE INFORMATION:   STATIC OVERLAYABLE
   CODE SIZE        =    121    ----
   CONSTANT SIZE    =   ----    ----
   XDATA SIZE       =   ----    ----
   PDATA SIZE       =   ----    ----
   DATA SIZE        =      2       2
   IDATA SIZE       =   ----    ----
   BIT SIZE         =   ----    ----
END OF MODULE INFORMATION.


C51 COMPILATION COMPLETE.  0 WARNING(S),  0 ERROR(S)
