C51 COMPILER V9.54   MAINC                                                                 12/10/2023 17:19:05 PAGE 1   


C51 COMPILER V9.54, COMPILATION OF MODULE MAINC
OBJECT MODULE PLACED IN ..\..\mainc.obj
COMPILER INVOKED BY: C:\Keil_v5\C51\BIN\C51.EXE mainc.c OPTIMIZE(8,SPEED) BROWSE DEBUG OBJECTEXTEND TABS(6) OBJECT(..\..
                    -\mainc.obj)

line level    source

   1          #include <REGX52.H>
   2          #define uchar unsigned char
   3          #define uint unsigned int
   4          uint i;
   5          uint Num;
   6          uint Disp_Time;
   7          uchar Disp_Tab[17]={0x3f,0x06,0x5b,0x4f,0x66,0x6d,0x7d,0x07,0x7f,0x6f,0x77,0x7c,0x39,0x5e,0x79,0x71,0x00};
   8          uchar Disp_Buf[8];
   9          unsigned char count;
  10          void Int_T0();
  11          void main(void)
  12          {
  13   1            TMOD=0x51;
  14   1            TH0=0;
  15   1            TL0=0;
  16   1            TH1=0;
  17   1            TR0=1;TR1=1;
  18   1            ET0=1;EA=1;
  19   1            Disp_Time=1;
  20   1            Num=0;
  21   1            while(1)
  22   1            {
  23   2                  void Int_T0();
  24   2                  if(count==100)
  25   2                  {
  26   3                        count=0;
  27   3                        P2=0xff;
  28   3                        P0=Disp_Tab[Disp_Buf[Disp_Time%8]];
  29   3                        P2=~(0x01<<(Disp_Time%8));
  30   3                        Disp_Time++;
  31   3                        if(Disp_Time>3597)
  32   3                        {
  33   4                              Disp_Time=0;
  34   4                              Num=TH0*256+TL0;
  35   4                              TH0=0;
  36   4                              TL0=0;
  37   4                        }                 
  38   3                        Disp_Buf[0]=16;
  39   3                        Disp_Buf[1]=16;
  40   3                        Disp_Buf[2]=16;
  41   3                        Disp_Buf[3]=16;
  42   3                        Disp_Buf[4]=Num/1000;
  43   3                        Disp_Buf[5]=(Num%1000)/100;
  44   3                        Disp_Buf[6]=(Num%100)/10;
  45   3                        Disp_Buf[7]=Num%10;
  46   3                  }
  47   2            }
  48   1      }
  49                void Int_T0() interrupt 1
  50                {
  51   1                  TH0=(65536-1000)/256;
  52   1                  TL0=(65536-1000)%256;
  53   1                  count++;
  54   1            }
C51 COMPILER V9.54   MAINC                                                                 12/10/2023 17:19:05 PAGE 2   



MODULE INFORMATION:   STATIC OVERLAYABLE
   CODE SIZE        =    212    ----
   CONSTANT SIZE    =   ----    ----
   XDATA SIZE       =   ----    ----
   PDATA SIZE       =   ----    ----
   DATA SIZE        =     32    ----
   IDATA SIZE       =   ----    ----
   BIT SIZE         =   ----    ----
END OF MODULE INFORMATION.


C51 COMPILATION COMPLETE.  0 WARNING(S),  0 ERROR(S)
