C51 COMPILER V9.00   MAIN                                                                  10/24/2023 22:41:37 PAGE 1   


C51 COMPILER V9.00, COMPILATION OF MODULE MAIN
OBJECT MODULE PLACED IN main.OBJ
COMPILER INVOKED BY: F:\C51\BIN\C51.EXE main.c BROWSE DEBUG OBJECTEXTEND

line level    source

   1          #include <REGX52.H>
   2          #include "time.h"
   3          #include "LCD1602.h"
   4          #include "mkey.h"
   5          int  Result=25 ;
   6          int a;
   7          unsigned char keynum1;
   8          unsigned char keynum2;
   9          unsigned char keynum3;
  10          unsigned char keynum4;
  11          void main()
  12          {       
  13   1                      LCD_Init();
  14   1                      LCD_ShowString(1,1,"C4boom:");
  15   1      //      
  16   1                      LCD_ShowString(2,1,"PassWord:");
  17   1                      while(1)
  18   1                      {       
  19   2       
  20   2                              //keynum1=mkey();
  21   2                               
  22   2                                  Result--;
  23   2                                  delay(5);
  24   2                                  LCD_ShowNum(1,15,Result,2);
  25   2                                      if (Result==0)
  26   2                                      {
  27   3                                        Result=25;
  28   3                                      }
  29   2                                      if(Result<=15)
  30   2                                      {
  31   3                                                       P2=0XAA; //1010 1010
  32   3                                                       delay(200);
  33   3                                                       P2=0x55; //0101 0101
  34   3                                                       delay(200);
  35   3                                      }
  36   2                                      keynum1=73;     keynum2=55;keynum3=60;keynum4=8;
  37   2                                      if(keynum1)
  38   2                                      {
  39   3                                              LCD_ShowNum(2 ,10,keynum1,2);
  40   3                                              
  41   3                                              delay(500);LCD_ShowNum(2 ,12,keynum2,2);
  42   3                                              
  43   3                                              delay(500);LCD_ShowNum(2 ,14,keynum3,2); 
  44   3                                              
  45   3                                              delay(500);LCD_ShowNum(2 ,15,keynum4,2);
  46   3                                      }
  47   2                      }                
  48   1      }
  49                          
  50                          
  51          
  52                          
  53                  


C51 COMPILER V9.00   MAIN                                                                  10/24/2023 22:41:37 PAGE 2   

MODULE INFORMATION:   STATIC OVERLAYABLE
   CODE SIZE        =    200    ----
   CONSTANT SIZE    =     18    ----
   XDATA SIZE       =   ----    ----
   PDATA SIZE       =   ----    ----
   DATA SIZE        =      8    ----
   IDATA SIZE       =   ----    ----
   BIT SIZE         =   ----    ----
END OF MODULE INFORMATION.


C51 COMPILATION COMPLETE.  0 WARNING(S),  0 ERROR(S)
