C51 COMPILER V9.54   MAIN                                                                  04/08/2024 22:31:22 PAGE 1   


C51 COMPILER V9.54, COMPILATION OF MODULE MAIN
OBJECT MODULE PLACED IN main.OBJ
COMPILER INVOKED BY: C:\Keil_v5\C51\BIN\C51.EXE main.c OPTIMIZE(8,SPEED) BROWSE DEBUG OBJECTEXTEND TABS(5)

line level    source

   1          #include <REGX52.H>
   2          #include <intrins.h>
   3          void Delay20us()         //@11.0592MHz
   4          {
   5   1           unsigned char i;
   6   1           
   7   1           
   8   1                _nop_();
   9   1                i = 6;
  10   1                while (--i);        
  11   1           
  12   1      
  13   1      }
  14          
  15          int  Nixietable[]={0x3f,0x06,0x5b,0x4f,0x66,0x6d,0x7d,0x07,0x7f,0x67};
  16          
  17          void main()
  18          {     
  19   1           unsigned int i,j=0; 
  20   1           while(1)
  21   1           {              
  22   2                for(i=0;i<8;i++)
  23   2                {                        
  24   3                     P2=~Nixietable[i];
  25   3                     P3=0x08;
  26   3                     for(j=0;j<32775;j++)Delay20us();
  27   3                }
  28   2      
  29   2           }
  30   1      } 


MODULE INFORMATION:   STATIC OVERLAYABLE
   CODE SIZE        =     78    ----
   CONSTANT SIZE    =   ----    ----
   XDATA SIZE       =   ----    ----
   PDATA SIZE       =   ----    ----
   DATA SIZE        =     20       2
   IDATA SIZE       =   ----    ----
   BIT SIZE         =   ----    ----
END OF MODULE INFORMATION.


C51 COMPILATION COMPLETE.  0 WARNING(S),  0 ERROR(S)
