C51 COMPILER V9.54   AT24C02                                                               03/24/2024 16:20:01 PAGE 1   


C51 COMPILER V9.54, COMPILATION OF MODULE AT24C02
OBJECT MODULE PLACED IN .\Objects\AT24C02.obj
COMPILER INVOKED BY: C:\Keil_v5\C51\BIN\C51.EXE AT24C02.c OPTIMIZE(8,SPEED) BROWSE DEBUG OBJECTEXTEND PRINT(.\Listings\A
                    -T24C02.lst) TABS(6) OBJECT(.\Objects\AT24C02.obj)

line level    source

   1          #include <REGX52.H>
   2          #include "I2C.h"
   3          #define AT24C02_ADDRESS 0xa0
   4          /*
   5          @brief      写入数据
   6          @param   AT24C02要写入的地址  
   7          @param   要写入的数据
   8          @retva        无  
   9          */
  10          
  11          void AT24C02_WriteByte(unsigned char WordAddress,Data)
  12          {
  13   1            I2C_Start();
  14   1            I2C_SendByte(AT24C02_ADDRESS);
  15   1            I2C_ReceiveAck();
  16   1            I2C_SendByte(WordAddress);
  17   1            I2C_ReceiveAck();
  18   1            I2C_SendByte(Data);
  19   1            I2C_ReceiveAck();
  20   1            I2C_Stop();
  21   1      }
  22          
  23          /*
  24          @brief     读出数据
  25          @param   要的读出的地址  
  26          @retva     读出的数据 
  27          */
  28          
  29          unsigned char AT24C02_ReadByte(unsigned char WordAddress)
  30          {
  31   1            unsigned char Data;
  32   1            I2C_Start();
  33   1            I2C_SendByte(AT24C02_ADDRESS);
  34   1            I2C_ReceiveAck();
  35   1            I2C_SendByte(WordAddress);
  36   1            I2C_ReceiveAck();
  37   1            I2C_Start();
  38   1            I2C_SendByte(AT24C02_ADDRESS|0x01);
  39   1            I2C_ReceiveAck();
  40   1            Data=I2C_ReceiveByte();
  41   1            I2C_SendAck(1);
  42   1            I2C_Stop();
  43   1            return Data;
  44   1      }


MODULE INFORMATION:   STATIC OVERLAYABLE
   CODE SIZE        =     84    ----
   CONSTANT SIZE    =   ----    ----
   XDATA SIZE       =   ----    ----
   PDATA SIZE       =   ----    ----
   DATA SIZE        =   ----       5
   IDATA SIZE       =   ----    ----
   BIT SIZE         =   ----    ----
C51 COMPILER V9.54   AT24C02                                                               03/24/2024 16:20:01 PAGE 2   

END OF MODULE INFORMATION.


C51 COMPILATION COMPLETE.  0 WARNING(S),  0 ERROR(S)
