C51 COMPILER V9.54   DELAY_______                                                          03/24/2024 15:33:15 PAGE 1   


C51 COMPILER V9.54, COMPILATION OF MODULE DELAY_______
OBJECT MODULE PLACED IN .\Objects\delay - 副本.obj
COMPILER INVOKED BY: C:\Keil_v5\C51\BIN\C51.EXE delay - 副本.c OPTIMIZE(8,SPEED) BROWSE DEBUG OBJECTEXTEND PRINT(.\Listi
                    -ngs\delay - 副本.lst) TABS(6) OBJECT(.\Objects\delay - 副本.obj)

line level    source

   1          #include <REGX52.H>
   2          #include <INTRINS.H>
   3          void Delay(unsigned char x)         //@11.0592MHz
   4          {
   5   1            unsigned char i, j, k;
   6   1           while(x--)
   7   1           {
   8   2            _nop_();
   9   2            i = 8;
  10   2            j = 1;
  11   2            k = 243;
  12   2            do
  13   2            {
  14   3                  do
  15   3                  {
  16   4                        while (--k);
  17   4                  } while (--j);
  18   3            } while (--i);
  19   2           }
  20   1      
  21   1      }


MODULE INFORMATION:   STATIC OVERLAYABLE
   CODE SIZE        =     22    ----
   CONSTANT SIZE    =   ----    ----
   XDATA SIZE       =   ----    ----
   PDATA SIZE       =   ----    ----
   DATA SIZE        =   ----    ----
   IDATA SIZE       =   ----    ----
   BIT SIZE         =   ----    ----
END OF MODULE INFORMATION.


C51 COMPILATION COMPLETE.  0 WARNING(S),  0 ERROR(S)
