C51 COMPILER V9.54   I2C                                                                   03/24/2024 15:58:33 PAGE 1   


C51 COMPILER V9.54, COMPILATION OF MODULE I2C
OBJECT MODULE PLACED IN .\Objects\I2C.obj
COMPILER INVOKED BY: C:\Keil_v5\C51\BIN\C51.EXE I2C.c OPTIMIZE(8,SPEED) BROWSE DEBUG OBJECTEXTEND PRINT(.\Listings\I2C.l
                    -st) TABS(6) OBJECT(.\Objects\I2C.obj)

line level    source

   1          #include <REGX52.H>
   2          sbit I2C_SCL=P2^1;
   3          sbit I2C_SDA=P2^0;
   4          /*
   5          @brief  I2C开始
   6          @param  无
   7          @retva  无
   8          */
   9          void I2C_Start()
  10          {
  11   1            I2C_SDA=1;
  12   1            I2C_SCL=1;
  13   1                  
  14   1            I2C_SDA=0;  
  15   1            I2C_SCL=0;
  16   1      }
  17          /*
  18          @brief           I2C 结束
  19          @param         无
  20          @retva          无
  21          */
  22          
  23          void I2C_Stop()
  24          {
  25   1            I2C_SDA=0;  
  26   1            I2C_SCL=1;  
  27   1            I2C_SDA=1;        
  28   1      }
  29          /*
  30          @brief           I2C发送一个字节
  31          @param         字节
  32          @retva          无
  33          */
  34          void I2C_SendByte(unsigned char Byte)
  35          {
  36   1            unsigned char i;
  37   1            for(i=0;i<8;i++)
  38   1            {
  39   2                  I2C_SDA=Byte&(0x80>>i);
  40   2                  I2C_SCL=1;
  41   2                  I2C_SCL=0;
  42   2            }
  43   1      }
  44          /*
  45          @brief           I2C接收一个字节
  46          @param         无
  47          @retva          接收到的一个字节数据
  48          */
  49          unsigned char I2C_ReceiveByte( )
  50          {
  51   1            unsigned char Byte=0x00,i;
  52   1            
  53   1            I2C_SDA=1;//释放总线
  54   1            
C51 COMPILER V9.54   I2C                                                                   03/24/2024 15:58:33 PAGE 2   

  55   1            for(i=0;i<8;i++)
  56   1            {
  57   2                  I2C_SCL=1;
  58   2                  if(I2C_SDA)
  59   2                  {
  60   3                        Byte|=(0x80>>i);
  61   3                  }
  62   2                  I2C_SCL=0;  
  63   2            }
  64   1            return Byte;
  65   1      }
  66          /*
  67          @brief           I2C发送一个应答
  68          @param         AckBit应答位  0为应答
  69          @retva          无
  70          */
  71          void I2C_SendAck(unsigned char AckBit)//主机发送一个应答
  72          {
  73   1            I2C_SDA=AckBit;   
  74   1            I2C_SCL=1;
  75   1            I2C_SCL=0;  
  76   1      }
  77          /*
  78          @brief           I2C接收一个应答
  79          @param         无
  80          @retva          接收到的AckByte应答位
  81          */
  82          unsigned char I2C_ReceiveAck()//主机接收应答
  83          {
  84   1            unsigned char AckByte=0;
  85   1            I2C_SDA=1;
  86   1            I2C_SCL=1;
  87   1            
  88   1            AckByte=I2C_SDA;
  89   1            I2C_SCL=0;        
  90   1            return AckByte;
  91   1      }


MODULE INFORMATION:   STATIC OVERLAYABLE
   CODE SIZE        =    109    ----
   CONSTANT SIZE    =   ----    ----
   XDATA SIZE       =   ----    ----
   PDATA SIZE       =   ----    ----
   DATA SIZE        =   ----    ----
   IDATA SIZE       =   ----    ----
   BIT SIZE         =   ----    ----
END OF MODULE INFORMATION.


C51 COMPILATION COMPLETE.  0 WARNING(S),  0 ERROR(S)
