C51 COMPILER V9.54   MAIN                                                                  03/24/2024 17:24:25 PAGE 1   


C51 COMPILER V9.54, COMPILATION OF MODULE MAIN
OBJECT MODULE PLACED IN .\Objects\main.obj
COMPILER INVOKED BY: C:\Keil_v5\C51\BIN\C51.EXE main.c OPTIMIZE(8,SPEED) BROWSE DEBUG OBJECTEXTEND PRINT(.\Listings\main
                    -.lst) TABS(6) OBJECT(.\Objects\main.obj)

line level    source

   1           #include <REGX52.H>
   2           #include "LCD1602.H"
   3           #include "KEY.H"
   4           #include "AT24C02.H"
   5           #include "delay.h"
   6          unsigned char KeyNum,i=0;
   7          unsigned int Num=0;
   8          void main()
   9          {
  10   1           unsigned char KeyNum;
  11   1            LCD_Init();
  12   1           LCD_ShowNum(1,1,Num,5);    
  13   1           while(1)
  14   1            {
  15   2                  KeyNum=Key();
  16   2                if(KeyNum==1)
  17   2                {
  18   3                     Num++;
  19   3                     LCD_ShowNum(1,1,Num,5);       
  20   3                }
  21   2                if(KeyNum==2)
  22   2                {
  23   3                     Num--;
  24   3                      LCD_ShowNum(1,1,Num,5);      
  25   3                }
  26   2                 if(KeyNum==3)
  27   2                {
  28   3                        AT24C02_WriteByte(0,Num);
  29   3                        Delay5ms();
  30   3                        AT24C02_WriteByte(1,Num);
  31   3                        Delay5ms();
  32   3                        LCD_ShowString(2,1,"Write OK");
  33   3                        for(i=0;i<100;i++)Delay5ms();             
  34   3                        LCD_ShowString(2,1,"        ");
  35   3      
  36   3                }
  37   2                if(KeyNum==4)
  38   2                {
  39   3                        Num=AT24C02_ReadByte(0);
  40   3                        Num|=AT24C02_ReadByte(1)<<8;
  41   3                        LCD_ShowNum(1,1,Num,5);
  42   3                        LCD_ShowString(2,1,"Read OK ");
  43   3                     for(i=0;i<100;i++)Delay5ms();    
  44   3                        LCD_ShowString(2,1,"        ");             
  45   3                }          
  46   2            }
  47   1      }


MODULE INFORMATION:   STATIC OVERLAYABLE
   CODE SIZE        =    231    ----
   CONSTANT SIZE    =     27    ----
   XDATA SIZE       =   ----    ----
   PDATA SIZE       =   ----    ----
C51 COMPILER V9.54   MAIN                                                                  03/24/2024 17:24:25 PAGE 2   

   DATA SIZE        =      4       1
   IDATA SIZE       =   ----    ----
   BIT SIZE         =   ----    ----
END OF MODULE INFORMATION.


C51 COMPILATION COMPLETE.  0 WARNING(S),  0 ERROR(S)
