C51 COMPILER V9.54   MAIN                                                                  03/25/2024 18:16:32 PAGE 1   


C51 COMPILER V9.54, COMPILATION OF MODULE MAIN
OBJECT MODULE PLACED IN .\Objects\main.obj
COMPILER INVOKED BY: C:\Keil_v5\C51\BIN\C51.EXE main.c OPTIMIZE(8,SPEED) BROWSE DEBUG OBJECTEXTEND PRINT(.\Listings\main
                    -.lst) TABS(8) OBJECT(.\Objects\main.obj)

line level    source

   1          #include <REGX52.H>
   2          #include  "Delay.h"
   3          #include "XPT2046.h"
   4          #include "LCD1602.h"
   5          
   6          unsigned int ADValue;
   7                  
   8           void main ()
   9           {
  10   1              LCD_Init();
  11   1              LCD_ShowString(1,1,"ADJ  NTC  RG");
  12   1               while(1)
  13   1               {
  14   2                      ADValue=XPT2046_ReadAD(XPT2046_XP);
  15   2                      LCD_ShowNum(2,1,ADValue,3);
  16   2                       
  17   2                      ADValue=XPT2046_ReadAD(XPT2046_YP);
  18   2                      LCD_ShowNum(2,5,XPT2046_YP,3);
  19   2                      
  20   2                       ADValue=XPT2046_ReadAD(XPT2046_VBAT);          
  21   2                       LCD_ShowNum(2,9,ADValue,3);
  22   2                      Delay1ms();
  23   2               }
  24   1       }
  25                   


MODULE INFORMATION:   STATIC OVERLAYABLE
   CODE SIZE        =     90    ----
   CONSTANT SIZE    =     13    ----
   XDATA SIZE       =   ----    ----
   PDATA SIZE       =   ----    ----
   DATA SIZE        =      2    ----
   IDATA SIZE       =   ----    ----
   BIT SIZE         =   ----    ----
END OF MODULE INFORMATION.


C51 COMPILATION COMPLETE.  0 WARNING(S),  0 ERROR(S)
