C51 COMPILER V9.54   UART                                                                  03/05/2024 16:20:41 PAGE 1   


C51 COMPILER V9.54, COMPILATION OF MODULE UART
OBJECT MODULE PLACED IN .\Objects\UART.obj
COMPILER INVOKED BY: C:\Keil_v5\C51\BIN\C51.EXE UART.c OPTIMIZE(8,SPEED) BROWSE DEBUG OBJECTEXTEND PRINT(.\Listings\UART
                    -.lst) TABS(6) OBJECT(.\Objects\UART.obj)

line level    source

   1          #include <REGX52.H>
   2          /**
   3            * @brief  串口初始化锛4800bps@12.000MHz
   4            * @param  无
   5            * @retval 无
   6            */
   7          
   8          void UartInit()         //4800bps@11.0592MHz
   9          {
  10   1            PCON |= 0x80;           //使能波特率倍速位SMOD
  11   1            SCON = 0x50;            //8位数据,可变波特率
  12   1            TMOD &= 0x0F;           //清除定时器1模式位
  13   1            TMOD |= 0x20;           //设定定时器1为8位自动重装方式
  14   1            TL1 = 0xF4;       //设定定时初值
  15   1            TH1 = 0xF4;       //设定定时器重装值
  16   1            ET1 = 0;          //禁止定时器1中断
  17   1            TR1 = 1;
  18   1            EA=1;
  19   1            ES=1;//启动定时器1
  20   1      }
  21          /**
  22            * @brief  串口发送一个字节4800bps@12.000MHz
  23            * @param  无
  24            * @retval 无
  25            */
  26          
  27          void UART_SendByte(unsigned char Byte)
  28          {
  29   1            SBUF=Byte;  
  30   1            while(TI==0);//判断TI是否等于0
  31   1            TI=0;
  32   1      }
  33          /*中断模版*/
  34          //void UART_Rountine() interrupt 4
  35          //{
  36          //    if(RI==1)
  37          //    {
  38          //                      
  39          //          RI=0;
  40          //    }
  41          //}


MODULE INFORMATION:   STATIC OVERLAYABLE
   CODE SIZE        =     35    ----
   CONSTANT SIZE    =   ----    ----
   XDATA SIZE       =   ----    ----
   PDATA SIZE       =   ----    ----
   DATA SIZE        =   ----    ----
   IDATA SIZE       =   ----    ----
   BIT SIZE         =   ----    ----
END OF MODULE INFORMATION.


C51 COMPILATION COMPLETE.  0 WARNING(S),  0 ERROR(S)
