C51 COMPILER V9.54   DS18B20                                                               03/25/2024 11:49:19 PAGE 1   


C51 COMPILER V9.54, COMPILATION OF MODULE DS18B20
OBJECT MODULE PLACED IN .\Objects\DS18B20.obj
COMPILER INVOKED BY: C:\Keil_v5\C51\BIN\C51.EXE DS18B20.c OPTIMIZE(8,SPEED) BROWSE DEBUG OBJECTEXTEND PRINT(.\Listings\D
                    -S18B20.lst) TABS(8) OBJECT(.\Objects\DS18B20.obj)

line level    source

   1          #include <REGX52.H>
   2          #include <INTRINS.H>
   3          #include "OneWire.h"
   4          #define DS18B20_SKIP_ROM                        0xCC
   5          #define DS18B20_CONVERT_T                       0x44
   6          #define DS18B20_READ_SCRATCHPAD         0xBE
   7          
   8          void DS18B20_ConverT()//×ª»»ÎÂ¶È
   9          {
  10   1           OneWire_Init();
  11   1           OneWire_SendByte(DS18B20_SKIP_ROM);
  12   1           OneWire_SendByte(DS18B20_CONVERT_T);
  13   1      }
  14          float DS18B20_ReadT()
  15          {
  16   1              unsigned char TLSB,TMSB;
  17   1              int Temp;
  18   1              float T;
  19   1              OneWire_Init();
  20   1              OneWire_SendByte(DS18B20_SKIP_ROM);
  21   1              OneWire_SendByte(DS18B20_READ_SCRATCHPAD);
  22   1              TLSB=OneWire_ReceiveByte();
  23   1              TMSB=OneWire_ReceiveByte();
  24   1              Temp=(TMSB<<8)|TLSB;
  25   1              T=Temp/16.0;
  26   1              return T;
  27   1      }


MODULE INFORMATION:   STATIC OVERLAYABLE
   CODE SIZE        =     57    ----
   CONSTANT SIZE    =   ----    ----
   XDATA SIZE       =   ----    ----
   PDATA SIZE       =   ----    ----
   DATA SIZE        =   ----       1
   IDATA SIZE       =   ----    ----
   BIT SIZE         =   ----    ----
END OF MODULE INFORMATION.


C51 COMPILATION COMPLETE.  0 WARNING(S),  0 ERROR(S)
