C51 COMPILER V9.54   ONEWIRE                                                               03/25/2024 11:49:19 PAGE 1   


C51 COMPILER V9.54, COMPILATION OF MODULE ONEWIRE
OBJECT MODULE PLACED IN .\Objects\OneWire.obj
COMPILER INVOKED BY: C:\Keil_v5\C51\BIN\C51.EXE OneWire.c OPTIMIZE(8,SPEED) BROWSE DEBUG OBJECTEXTEND PRINT(.\Listings\O
                    -neWire.lst) TABS(8) OBJECT(.\Objects\OneWire.obj)

line level    source

   1          #include <REGX52.H>
   2          #include <INTRINS.H>
   3          #include "Delay.h"
   4          
   5          sbit OneWire_DQ=P3^7;
   6          
   7          unsigned char OneWire_Init()
   8          {               
   9   1              unsigned char i;                                                                
  10   1              unsigned char AckBit;
  11   1              OneWire_DQ=1;
  12   1              OneWire_DQ=0;
  13   1              i = 247;while (--i);            //Delay 500us
  14   1              OneWire_DQ=1;           
  15   1              i = 32;while (--i);     //Delay 70us
  16   1              AckBit=OneWire_DQ;
  17   1              i = 247;while (--i); 
  18   1              return AckBit;  
  19   1      }
  20                  
  21          void OneWire_SendBit(unsigned char Bit)
  22          {
  23   1              unsigned char i;
  24   1              OneWire_DQ=0;
  25   1              i = 4;while (--i);      //delay 10us
  26   1              OneWire_DQ=Bit;
  27   1              i = 24;while (--i);           //delay 50us
  28   1              OneWire_DQ=1;
  29   1      }
  30          
  31          unsigned char OneWire_ReceiveBit()
  32          {
  33   1              unsigned char i;
  34   1              unsigned char Bit;
  35   1              OneWire_DQ=0;
  36   1              i = 2;while (--i);        //delay 5us
  37   1              OneWire_DQ=1;
  38   1              i = 2;while (--i);          //delay 5us
  39   1              Bit=OneWire_DQ;
  40   1              i = 24;while (--i);     //delay 5us
  41   1              return Bit;
  42   1      }
  43          
  44          void OneWire_SendByte(unsigned char Byte)
  45          {
  46   1              unsigned char i;
  47   1              for(i=0;i<8;i++)
  48   1              {
  49   2                      OneWire_SendBit(Byte&(0x01<<i));
  50   2              }
  51   1      }
  52          unsigned char OneWire_ReceiveByte()
  53          {
  54   1              unsigned char i;
C51 COMPILER V9.54   ONEWIRE                                                               03/25/2024 11:49:19 PAGE 2   

  55   1              unsigned char Byte=0x00;
  56   1              for(i=0;i<8;i++)
  57   1              {
  58   2                      if(OneWire_ReceiveBit()){Byte|=(0x01<<i);}//把Byte变成OneWire_Receive的样子
  59   2              }
  60   1              return Byte;
  61   1      }


MODULE INFORMATION:   STATIC OVERLAYABLE
   CODE SIZE        =    122    ----
   CONSTANT SIZE    =   ----    ----
   XDATA SIZE       =   ----    ----
   PDATA SIZE       =   ----    ----
   DATA SIZE        =   ----    ----
   IDATA SIZE       =   ----    ----
   BIT SIZE         =   ----    ----
END OF MODULE INFORMATION.


C51 COMPILATION COMPLETE.  0 WARNING(S),  0 ERROR(S)
