C51 COMPILER V9.00   MIAN                                                                  10/19/2023 21:36:58 PAGE 1   


C51 COMPILER V9.00, COMPILATION OF MODULE MIAN
OBJECT MODULE PLACED IN mian.OBJ
COMPILER INVOKED BY: F:\C51\BIN\C51.EXE mian.c BROWSE DEBUG OBJECTEXTEND

line level    source

   1          #include <REGX52.H>
   2          #include <INTRINS.h>
   3          void Delay(unsigned int xms)            //@12.000MHz
   4          {
   5   1              unsigned char i, j;
   6   1               while(xms)
   7   1               {
   8   2                      i = 2;
   9   2                      j = 239;
  10   2                      do
  11   2                      {
  12   3                              while (--j);
  13   3                      } while (--i);
  14   2                       xms--;
  15   2                }
  16   1      }
  17          
  18          void main()
  19          {
  20   1              while(1)
  21   1              {
  22   2              if(P3_1==0)
  23   2                      {  
  24   3                                                                        Delay(20);
  25   3                                                                while(P3_1==0) ;
  26   3                                                        
  27   3                                                                        Delay(20);
  28   3                                                                        P2_0=~P2_0 ;                            
  29   3                      }
  30   2                      if(P3_0==0)
  31   2                      {  
  32   3                                                                        Delay(20);
  33   3                                                                while(P3_0==0) ;
  34   3                                                        
  35   3                                                                        Delay(20);
  36   3                                                                        P2_1=~P2_1 ;                            
  37   3                      }if(P3_2==0)
  38   2                      {  
  39   3                                                                        Delay(20);
  40   3                                                                while(P3_2==0) ;
  41   3                                                        
  42   3                                                                        Delay(20);
  43   3                                                                        P2_2=~P2_2 ;                            
  44   3                      }if(P3_3==0)
  45   2                      {  
  46   3                                                                        Delay(20);
  47   3                                                                while(P3_3==0) ;
  48   3                                                        
  49   3                                                                        Delay(20);
  50   3                                                                        P2_3=~P2_3 ;                            
  51   3                      }
  52   2              }
  53   1      }


C51 COMPILER V9.00   MIAN                                                                  10/19/2023 21:36:58 PAGE 2   

MODULE INFORMATION:   STATIC OVERLAYABLE
   CODE SIZE        =     82    ----
   CONSTANT SIZE    =   ----    ----
   XDATA SIZE       =   ----    ----
   PDATA SIZE       =   ----    ----
   DATA SIZE        =   ----    ----
   IDATA SIZE       =   ----    ----
   BIT SIZE         =   ----    ----
END OF MODULE INFORMATION.


C51 COMPILATION COMPLETE.  0 WARNING(S),  0 ERROR(S)
