C51 COMPILER V9.00   MAIN                                                                  10/24/2023 19:09:58 PAGE 1   


C51 COMPILER V9.00, COMPILATION OF MODULE MAIN
OBJECT MODULE PLACED IN main.OBJ
COMPILER INVOKED BY: F:\C51\BIN\C51.EXE main.c BROWSE DEBUG OBJECTEXTEND

line level    source

   1          #include <REGX52.H>
   2          #include<intrins.h>
   3          void delay(unsigned int xms )           //@12.000MHz
   4          {
   5   1              unsigned char i, j;
   6   1              while(xms--)
   7   1              i = 2;
   8   1              j = 239;
   9   1              do
  10   1              {
  11   2                      while (--j);
  12   2              } while (--i);
  13   1      } 
  14          void main()
  15          {
  16   1        unsigned char a=0;
  17   1        P2=~0X01;
  18   1       while(1)
  19   1       {
  20   2          if(P3_1==0)
  21   2         {
  22   3                         delay(100000);
  23   3                         while(P3_1==1);
  24   3                         delay(100000);
  25   3                         a++;
  26   3                              if(a>=8)
  27   3                          {
  28   4                                       a=0;
  29   4                          }      
  30   3                                         {
  31   4                                              P2=~(0X01<<a);
  32   4                                                              //P2<<a;
  33   4                                                              //P2=~P2;
  34   4                                                                       }
  35   3                                                             
  36   3                      
  37   3         } 
  38   2      
  39   2      
  40   2      
  41   2       }
  42   1      
  43   1      }


MODULE INFORMATION:   STATIC OVERLAYABLE
   CODE SIZE        =     71    ----
   CONSTANT SIZE    =   ----    ----
   XDATA SIZE       =   ----    ----
   PDATA SIZE       =   ----    ----
   DATA SIZE        =   ----    ----
   IDATA SIZE       =   ----    ----
   BIT SIZE         =   ----    ----
END OF MODULE INFORMATION.


C51 COMPILATION COMPLETE.  0 WARNING(S),  0 ERROR(S)
