C51 COMPILER V9.54   MAIN                                                                  03/19/2022 10:17:26 PAGE 1   


C51 COMPILER V9.54, COMPILATION OF MODULE MAIN
OBJECT MODULE PLACED IN .\Objects\main.obj
COMPILER INVOKED BY: G:\Keil5\C51\BIN\C51.EXE main.c OPTIMIZE(8,SPEED) BROWSE DEBUG OBJECTEXTEND PRINT(.\Listings\main.l
                    -st) TABS(2) OBJECT(.\Objects\main.obj)

line level    source

   1          #include <REGX52.H>
   2          #include "Delay.h"
   3          #include "Timer0.h"
   4          
   5          //ËúÇÈ∏£Âô®Á´ØÂè£ÂÆö‰πâ
   6          sbit Buzzer=P1^5;
   7          
   8          //Êí≠ÊîæÈÄüÂ∫¶ÔºåÂÄº‰∏∫ÂõõÂàÜÈü≥Á¨¶ÁöÑÊó∂Èïø(ms)
   9          #define SPEED 923
  10          
  11          //Èü≥Á¨¶‰∏éÁ¥¢ÂºïÂØπÂ∫îË°®ÔºåPÔºö‰ºëÊ≠¢Á¨¶ÔºåLÔºö‰ΩéÈü≥ÔºåMÔºö‰∏≠Èü≥ÔºåHÔºöÈ´òÈü≥Ôºå‰∏ãÂàíÁ∫øÔºöÂçáÂçäÈü≥Á
             -¨¶Âè∑#
  12          #define P 0
  13          #define L1  1
  14          #define L1_ 2
  15          #define L2  3
  16          #define L2_ 4
  17          #define L3  5
  18          #define L4  6
  19          #define L4_ 7
  20          #define L5  8
  21          #define L5_ 9
  22          #define L6  10
  23          #define L6_ 11
  24          #define L7  12
  25          #define M1  13
  26          #define M1_ 14
  27          #define M2  15
  28          #define M2_ 16
  29          #define M3  17
  30          #define M4  18
  31          #define M4_ 19
  32          #define M5  20
  33          #define M5_ 21
  34          #define M6  22
  35          #define M6_ 23
  36          #define M7  24
  37          #define H1  25
  38          #define H1_ 26
  39          #define H2  27
  40          #define H2_ 28
  41          #define H3  29
  42          #define H4  30
  43          #define H4_ 31
  44          #define H5  32
  45          #define H5_ 33
  46          #define H6  34
  47          #define H6_ 35
  48          #define H7  36
  49          
  50          //Á¥¢Âºï‰∏éÈ¢ëÁéáÂØπÁÖßË°®
  51          unsigned int code FreqTable[]={
  52            0,
  53            63628,63731,63835,63928,64021,64103,64185,64260,64331,64400,64463,64528,
C51 COMPILER V9.54   MAIN                                                                  03/19/2022 10:17:26 PAGE 2   

  54            64580,64633,64684,64732,64777,64820,64860,64898,64934,64968,65000,65030,
  55            65058,65085,65110,65134,65157,65178,65198,65217,65235,65252,65268,65283,
  56          };
  57          
  58          //‰πêË∞±
  59          unsigned int code Music[]={
  60            //Èü≥Á¨¶,Êó∂ÂÄº,
  61            
  62            //1
  63            M2, 2,
  64            L7, 2,
  65            M1, 2,
  66            L6, 2,
  67            M2, 2,
  68            L7, 2,
  69            M1, 2,
  70            L6, 2,
  71            
  72            M2, 2,
  73            L7, 2,
  74            M1, 2,
  75            L6, 2,
  76            M2, 2,
  77            L7, 2,
  78            M1, 2,
  79            L6, 2,
  80            
  81            //2
  82            M2, 2,
  83            L7, 2,
  84            M1, 2,
  85            L6, 2,
  86            M2, 2,
  87            L7, 2,
  88            M1, 2,
  89            L6, 2,
  90            
  91            M3, 4+4,
  92            P,  4,
  93            P,  1,
  94            M1, 1,
  95            M2, 1,
  96            M1, 1,
  97            
  98            M3, 4+4,
  99            P,  3,
 100            M1, 1,
 101            M2, 1,
 102            M1, 1,
 103            M2, 1,
 104            M3, 1,  
 105            
 106            L6, 3,
 107            M1, 1,
 108            L6, 3,
 109            M1, 1,
 110            L6, 3,
 111            M1, 1,
 112            M2, 2,
 113            M1, 2,
 114            
 115            //3
C51 COMPILER V9.54   MAIN                                                                  03/19/2022 10:17:26 PAGE 3   

 116            L7, 8,
 117            P,  4,
 118            P,  4,
 119            
 120            M3, 4+4,
 121            P,  4,
 122            P,  1,
 123            M1, 1,
 124            M2, 1,
 125            M1, 1,
 126            
 127            M3, 4+4,
 128            P,  3,
 129            M1, 1,
 130            M2, 1,
 131            M1, 1,
 132            M2, 1,
 133            M3, 1,
 134            
 135            L6, 3,
 136            M1, 1,
 137            L6, 3,
 138            M1, 1,
 139            L6, 3,
 140            M1, 1,
 141            M3, 2,
 142            M2, 2,
 143            
 144            L7, 8,
 145            P,  4,
 146            P,  4,
 147            
 148            //4
 149            L6, 1,
 150            M1, 1,
 151            M6, 2,
 152            M6, 1,
 153            M6, 1,
 154            M6, 1,
 155            M5, 1,
 156            M6, 2,
 157            M6, 1,
 158            M5, 1,
 159            M6, 1,
 160            M5, 1,
 161            M6, 1,
 162            M5, 1,
 163            
 164            M3, 1,
 165            M3, 3,
 166            M3, 4,
 167            P,  4,
 168            P,  2,
 169            L6, 1,
 170            M1, 1,
 171          
 172            M6, 3,
 173            M6, 1,
 174            M6, 1,
 175            M5, 1,
 176            M6, 1,
 177            M5, 1,
C51 COMPILER V9.54   MAIN                                                                  03/19/2022 10:17:26 PAGE 4   

 178            M7, 3,
 179            M7, 1,
 180            M7, 1,
 181            M6, 1,
 182            M7, 2,
 183            
 184            //5
 185            M7, 1,
 186            M6, 2,
 187            M3, 1,
 188            M3, 4,
 189            M3, 4,
 190            P,  1,
 191            M3, 1,
 192            M5, 1,
 193            M3, 1,
 194            
 195            M2, 3,
 196            M3, 1,
 197            M2, 3,
 198            M3, 1,
 199            M2, 3,
 200            M3, 1,
 201            M5, 1,
 202            M3, 1,
 203            M5, 1,
 204            M3, 1,
 205            
 206            M2, 3,
 207            M3, 1,
 208            M2, 3,
 209            M3, 1,
 210            M2, 4,
 211            P,  2,
 212            M1, 1,
 213            M2, 1,
 214            
 215            //6
 216            M3, 2,
 217            L6, 2,
 218            M1, 2,
 219            M3, 2,
 220            M2, 3,
 221            M3, 1,
 222            M2, 1,
 223            M1, 1,
 224            M1, 2,
 225            
 226            L6, 8,
 227            P,  4,
 228            P,  2,
 229            M6, 1,
 230            M7, 1,
 231            
 232            H1, 1,
 233            H2, 1,
 234            M7, 1,
 235            H1, 1,
 236            H1, 2,
 237            H1, 1,
 238            M7, 1,
 239            H1, 1,
C51 COMPILER V9.54   MAIN                                                                  03/19/2022 10:17:26 PAGE 5   

 240            H2, 1,
 241            M7, 1,
 242            H1, 1,
 243            H1, 2,
 244            H1, 1,
 245            H2, 1,
 246            
 247            //7
 248            H3, 1,
 249            H2, 1,
 250            H3, 1,
 251            H2, 1,
 252            H3, 2,
 253            H3, 1,
 254            H2, 1,
 255            H3, 2,
 256            H5, 2,
 257            H3, 2,
 258            M6, 1,
 259            M7, 1,
 260            
 261            H1, 1,
 262            H2, 1,
 263            M7, 1,
 264            H1, 1,
 265            H1, 2,
 266            H1, 1,
 267            M7, 1,
 268            H1, 1,
 269            H2, 1,
 270            M7, 1,
 271            H1, 1,
 272            H1, 2,
 273            H1, 1,
 274            H2, 1,
 275            
 276            //8
 277            H3, 1,
 278            H2, 1,
 279            H3, 1,
 280            H2, 1,
 281            H3, 2,
 282            H3, 1,
 283            H2, 1,
 284            H3, 2,
 285            H5, 2,
 286            H3, 2,
 287            H5, 2,
 288            
 289            H3, 3,
 290            H5, 1,
 291            H3, 3,
 292            H5, 1,
 293            H3, 1,
 294            H5, 1,
 295            H6, 1,
 296            H3, 1,
 297            H5, 2,
 298            H5, 2,
 299            
 300            H3, 3,
 301            H5, 1,
C51 COMPILER V9.54   MAIN                                                                  03/19/2022 10:17:26 PAGE 6   

 302            H3, 3,
 303            H5, 1,
 304            H3, 1,
 305            H5, 1,
 306            H6, 1,
 307            H3, 1,
 308            H5, 2,
 309            H5, 1,
 310            H5, 1,
 311            //9
 312            H3, 1,
 313            H2, 1,
 314            H2, 2,
 315            H2, 2,
 316            H1, 1,
 317            H3, 1,
 318            H3, 1,
 319            H2, 1,
 320            H2, 2,
 321            H2, 2,
 322            H1, 1,
 323            H1, 1,
 324            
 325            M6, 8,
 326            P,  4,
 327            P,  2,
 328            H5, 1,
 329            H5, 1,
 330            
 331            H3, 1,
 332            H2, 1,
 333            H2, 2,
 334            H2, 2,
 335            H1, 1,
 336            H3, 1,
 337            H3, 1,
 338            H2, 1,
 339            H2, 2,
 340            H2, 2,
 341            H1, 1,
 342            H1, 1,
 343            
 344            //10
 345            
 346            //11
 347            
 348            
 349            0xFF  //ÁªàÊ≠¢Ê†áÂøó
 350          };
 351          
 352          unsigned int FreqSelect,MusicSelect;
 353          
 354          void main()
 355          {
 356   1        Timer0Init();
 357   1        while(1)
 358   1        {
 359   2          if(Music[MusicSelect]!=0xFF)  //Â¶ÇÊûú‰∏çÊòØÂÅúÊ≠¢Ê†áÂøó‰Ωç
 360   2          {
 361   3            FreqSelect=Music[MusicSelect];  //ÈÄâÊã©Èü≥Á¨¶ÂØπÂ∫îÁöÑÈ¢ëÁéá
 362   3            MusicSelect++;
 363   3            Delay(SPEED/4*Music[MusicSelect]);  //ÈÄâÊã©Èü≥Á¨¶ÂØπÂ∫îÁöÑÊó∂ÂÄº
C51 COMPILER V9.54   MAIN                                                                  03/19/2022 10:17:26 PAGE 7   

 364   3            MusicSelect++;
 365   3            TR0=0;
 366   3            Delay(5); //Èü≥Á¨¶Èó¥Áü≠ÊöÇÂÅúÈ°ø
 367   3            TR0=1;
 368   3          }
 369   2          else  //Â¶ÇÊûúÊòØÂÅúÊ≠¢Ê†áÂøó‰Ωç
 370   2          {
 371   3            TR0=0;
 372   3            while(1);
 373   3          }
 374   2        }
 375   1      }
 376          
 377          void Timer0_Routine() interrupt 1
 378          {
 379   1        if(FreqTable[FreqSelect]) //Â¶ÇÊûú‰∏çÊòØ‰ºëÊ≠¢Á¨¶
 380   1        {
 381   2          /*ÂèñÂØπÂ∫îÈ¢ëÁéáÂÄºÁöÑÈáçË£ÖËΩΩÂÄºÂà∞ÂÆöÊó∂Âô®*/
 382   2          TL0 = FreqTable[FreqSelect]%256;    //ËÆæÁΩÆÂÆöÊó∂ÂàùÂÄº
 383   2          TH0 = FreqTable[FreqSelect]/256;    //ËÆæÁΩÆÂÆöÊó∂ÂàùÂÄº
 384   2          Buzzer=!Buzzer; //ÁøªËΩ¨ËúÇÈ∏£Âô®IOÂè£
 385   2        }
 386   1      }


MODULE INFORMATION:   STATIC OVERLAYABLE
   CODE SIZE        =    183    ----
   CONSTANT SIZE    =   1060    ----
   XDATA SIZE       =   ----    ----
   PDATA SIZE       =   ----    ----
   DATA SIZE        =      4    ----
   IDATA SIZE       =   ----    ----
   BIT SIZE         =   ----    ----
END OF MODULE INFORMATION.


C51 COMPILATION COMPLETE.  0 WARNING(S),  0 ERROR(S)
