C51 COMPILER V9.54   KEY                                                                   03/25/2024 13:37:50 PAGE 1   


C51 COMPILER V9.54, COMPILATION OF MODULE KEY
OBJECT MODULE PLACED IN .\Objects\key.obj
COMPILER INVOKED BY: C:\Keil_v5\C51\BIN\C51.EXE key.c OPTIMIZE(8,SPEED) BROWSE DEBUG OBJECTEXTEND PRINT(.\Listings\key.l
                    -st) TABS(8) OBJECT(.\Objects\key.obj)

line level    source

   1          #include <REGX52.H>
   2          #include <intrins.h>
   3          #include "Delay.h"
   4          unsigned char key ()
   5                  {
   6   1                      unsigned char keynumber=0;
   7   1                              if(P3_1==0)
   8   1                      {
   9   2                              delay(20);while(P3_1==0);delay(20);keynumber=1;
  10   2                      }
  11   1                              if(P3_0==0)
  12   1                      {
  13   2                              delay(20);while(P3_0==0);delay(20);keynumber=2;
  14   2                      }       
  15   1                              if(P3_2==0)
  16   1                      {
  17   2                              delay(20);while(P3_2==0);delay(20);keynumber=3;
  18   2                      }       
  19   1                              if(P3_3==0)
  20   1                      {
  21   2                              delay(20);while(P3_3==0);delay(20);keynumber=4;
  22   2                      }
  23   1                      return keynumber;
  24   1              }


MODULE INFORMATION:   STATIC OVERLAYABLE
   CODE SIZE        =     97    ----
   CONSTANT SIZE    =   ----    ----
   XDATA SIZE       =   ----    ----
   PDATA SIZE       =   ----    ----
   DATA SIZE        =   ----       1
   IDATA SIZE       =   ----    ----
   BIT SIZE         =   ----    ----
END OF MODULE INFORMATION.


C51 COMPILATION COMPLETE.  0 WARNING(S),  0 ERROR(S)
