C51 COMPILER V9.54   NIXIE                                                                 03/25/2024 13:53:31 PAGE 1   


C51 COMPILER V9.54, COMPILATION OF MODULE NIXIE
OBJECT MODULE PLACED IN .\Objects\NIXIE.obj
COMPILER INVOKED BY: C:\Keil_v5\C51\BIN\C51.EXE NIXIE.c OPTIMIZE(8,SPEED) BROWSE DEBUG OBJECTEXTEND PRINT(.\Listings\NIX
                    -IE.lst) TABS(8) OBJECT(.\Objects\NIXIE.obj)

line level    source

   1          #include <REGX52.H>
   2          #include "Delay.h"
   3          int     Nixietable[ ]={0x3f,0x06,0x5b,0x4f,0x66,0x6d,0x7d,0x07,0x7f,0x67};
   4          
   5          void Nixie(unsigned char Location,Number)
   6          {
   7   1              switch(Location)
   8   1              {
   9   2                              case 1:P2_4=1;P2_3=1;P2_2=1;break;
  10   2                              case 2:P2_4=1;P2_3=1;P2_2=0;break;
  11   2                              case 3:P2_4=1;P2_3=0;P2_2=1;break;
  12   2                              case 4:P2_4=1;P2_3=0;P2_2=0;break;
  13   2                              case 5:P2_4=0;P2_3=1;P2_2=1;break;
  14   2                              case 6:P2_4=0;P2_3=1;P2_2=0;break;
  15   2                              case 7:P2_4=0;P2_3=0;P2_2=1;break;
  16   2                              case 8:P2_4=0;P2_3=0;P2_2=0;break;
  17   2              }
  18   1      
  19   1              P0=Nixietable[Number];  
  20   1              delay(2); 
  21   1              P0=0x00;        
  22   1              
  23   1       }


MODULE INFORMATION:   STATIC OVERLAYABLE
   CODE SIZE        =    112    ----
   CONSTANT SIZE    =   ----    ----
   XDATA SIZE       =   ----    ----
   PDATA SIZE       =   ----    ----
   DATA SIZE        =     20    ----
   IDATA SIZE       =   ----    ----
   BIT SIZE         =   ----    ----
END OF MODULE INFORMATION.


C51 COMPILATION COMPLETE.  0 WARNING(S),  0 ERROR(S)
