C51 COMPILER V9.54   TIMER0                                                                03/25/2024 14:29:39 PAGE 1   


C51 COMPILER V9.54, COMPILATION OF MODULE TIMER0
OBJECT MODULE PLACED IN .\Objects\Timer0.obj
COMPILER INVOKED BY: C:\Keil_v5\C51\BIN\C51.EXE Timer0.c OPTIMIZE(8,SPEED) BROWSE DEBUG OBJECTEXTEND PRINT(.\Listings\Ti
                    -mer0.lst) TABS(8) OBJECT(.\Objects\Timer0.obj)

line level    source

   1          #include <REGX52.H>
   2          
   3          void Timer0_Init(void)          //100微秒@11.0592MHz
   4          {
   5   1              TMOD &= 0xF0;           
   6   1              TMOD |= 0x01;   
   7   1              TL0 = 0xCD;             //设置定时初值
   8   1              TH0 = 0xD4;             //设置定时初值
   9   1              TF0 = 0;                //清除TF0标志
  10   1              TR0 = 1;                //定时器0开始计时
  11   1              ET0=1;
  12   1              EA=1;
  13   1              PT0=0;
  14   1      }
  15          
  16          
  17          
  18          /*void Timer0_Routine() interrupt        1       定时器中断模板
  19          {
  20          
  21                  static unsigned  int count;
  22                  TL0 = 0x9c;             //设置定时初值
  23                  TH0 = 0xff;             //设置定时初值
  24                  count++;
  25          
  26                  
  27                  if(count>=1000)
  28                  {
  29                  }
  30          
  31          } */


MODULE INFORMATION:   STATIC OVERLAYABLE
   CODE SIZE        =     23    ----
   CONSTANT SIZE    =   ----    ----
   XDATA SIZE       =   ----    ----
   PDATA SIZE       =   ----    ----
   DATA SIZE        =   ----    ----
   IDATA SIZE       =   ----    ----
   BIT SIZE         =   ----    ----
END OF MODULE INFORMATION.


C51 COMPILATION COMPLETE.  0 WARNING(S),  0 ERROR(S)
