C51 COMPILER V9.54   MAIN                                                                  03/05/2024 22:19:10 PAGE 1   


C51 COMPILER V9.54, COMPILATION OF MODULE MAIN
OBJECT MODULE PLACED IN .\Objects\main.obj
COMPILER INVOKED BY: C:\Keil_v5\C51\BIN\C51.EXE main.c OPTIMIZE(8,SPEED) BROWSE DEBUG OBJECTEXTEND PRINT(.\Listings\main
                    -.lst) TABS(6) OBJECT(.\Objects\main.obj)

line level    source

   1          #include <REGX52.H>
   2          #include "Delay.H"
   3          
   4          sbit RCLK1=P3^5;
   5          sbit SRCLK=P3^6;
   6          sbit SER=P3^4;
   7          
   8          void _74HC595_WriteByte(unsigned char Byte)
   9          {
  10   1            unsigned char i;
  11   1            for(i=0;i<8;i++)
  12   1            {
  13   2            SER=Byte&(0x80>>i);
  14   2            SRCLK=1;//数据移入寄存器
  15   2            SRCLK=0;//移位清零
  16   2            }     
  17   1            RCLK1=1;
  18   1            RCLK1=0;
  19   1      }
  20          
  21          void MatrixLED_ShowCloumn(unsigned char Column,Date)
  22          {
  23   1            _74HC595_WriteByte(Date);
  24   1            P0=~(0x80>>Column);
  25   1            Delay(1);
  26   1            P0=0xff;
  27   1      }
  28          
  29          void main()
  30          {
  31   1            SRCLK=0;
  32   1            RCLK1=0;
  33   1            
  34   1            while(1)
  35   1            {
  36   2            MatrixLED_ShowCloumn(0,0xe8);Delay(10);
  37   2            MatrixLED_ShowCloumn(1,0xa8);Delay(10);
  38   2            MatrixLED_ShowCloumn(2,0xb8);Delay(10);
  39   2      //    MatrixLED_ShowCloumn(3,0x00);
  40   2      //    MatrixLED_ShowCloumn(4,0x00);
  41   2            MatrixLED_ShowCloumn(5,0xf8);Delay(10);
  42   2            MatrixLED_ShowCloumn(6,0x28); Delay(10);
  43   2            MatrixLED_ShowCloumn(7,0x38);Delay(10);
  44   2            }
  45   1      }


MODULE INFORMATION:   STATIC OVERLAYABLE
   CODE SIZE        =    181    ----
   CONSTANT SIZE    =   ----    ----
   XDATA SIZE       =   ----    ----
   PDATA SIZE       =   ----    ----
   DATA SIZE        =   ----    ----
   IDATA SIZE       =   ----    ----
C51 COMPILER V9.54   MAIN                                                                  03/05/2024 22:19:10 PAGE 2   

   BIT SIZE         =   ----    ----
END OF MODULE INFORMATION.


C51 COMPILATION COMPLETE.  0 WARNING(S),  0 ERROR(S)
